Traceback (most recent call last):
  File "C:\repos\bloom-videos\bloom-development-extension\brain\commands\__init__.py", line 41, in discover_commands
    print(f"\u2705 Registrando: {meta.name} (categoría: {meta.category.value})")
  File "C:\Python310\lib\encodings\cp1252.py", line 19, in encode
    return codecs.charmap_encode(input,self.errors,encoding_table)[0]
UnicodeEncodeError: 'charmap' codec can't encode character '\u2705' in position 0: character maps to <undefined>

During handling of the above exception, another exception occurred:

Traceback (most recent call last):
  File "C:\repos\bloom-videos\bloom-development-extension\brain\commands\__init__.py", line 44, in discover_commands
    print(f"\u274c Error registrando {name} de {module_path}:")
  File "C:\Python310\lib\encodings\cp1252.py", line 19, in encode
    return codecs.charmap_encode(input,self.errors,encoding_table)[0]
UnicodeEncodeError: 'charmap' codec can't encode character '\u274c' in position 0: character maps to <undefined>

During handling of the above exception, another exception occurred:

Traceback (most recent call last):
  File "C:\Python310\lib\runpy.py", line 196, in _run_module_as_main
    return _run_code(code, main_globals, None,
  File "C:\Python310\lib\runpy.py", line 86, in _run_code
    exec(code, run_globals)
  File "C:\repos\bloom-videos\bloom-development-extension\brain\__main__.py", line 68, in <module>
    main()
  File "C:\repos\bloom-videos\bloom-development-extension\brain\__main__.py", line 33, in main
    registry = discover_commands()
  File "C:\repos\bloom-videos\bloom-development-extension\brain\commands\__init__.py", line 50, in discover_commands
    print(f"\u26a0\ufe0f  Error cargando {module_path}:")
  File "C:\Python310\lib\encodings\cp1252.py", line 19, in encode
    return codecs.charmap_encode(input,self.errors,encoding_table)[0]
UnicodeEncodeError: 'charmap' codec can't encode characters in position 0-1: character maps to <undefined>
